<?xml version="1.0" encoding="UTF-8"?>
<!-- Generated by org.testng.reporters.JUnitXMLReporter -->
<testsuite ignored="0" hostname="Deepaks-MacBook-Air.local" failures="0" tests="3" name="End to End" time="23.253" errors="0" timestamp="2023-05-16T19:35:07 EDT">
  <testcase classname="GreenKartTests.EndToEndTests" name="GreenKartEndToEndTest" time="14.153"/>
  <testcase classname="GreenKartTests.HomePageTest" name="DefaultItemsPriceTest" time="3.047"/>
  <testcase classname="GreenKartTests.HomePageTest" name="PageTitleTest" time="3.02"/>
</testsuite> <!-- End to End -->
